<?xml version="1.0" encoding="UTF-8"?>
<!-- Generated by org.testng.reporters.JUnitReportReporter -->
<testsuite hostname="LAPTOP-6D8U9LA3" failures="0" tests="2" name="Framework.amazontestcase.Addtocart" time="14.889" errors="0" timestamp="2026-05-14T11:32:25 IST" skipped="0">
  <testcase classname="Framework.amazontestcase.Addtocart" name="addCart" time="10.611"/>
  <testcase classname="Framework.amazontestcase.Addtocart" name="addCart" time="4.278"/>
</testsuite> <!-- Framework.amazontestcase.Addtocart -->
