<?xml version="1.0" encoding="UTF-8"?>
<testng-results ignored="0" total="2" passed="2" failed="0" skipped="0">
  <reporter-output>
  </reporter-output>
  <suite started-at="2026-05-14T11:32:10 IST" name="Default suite" finished-at="2026-05-14T11:32:25 IST" duration-ms="15293">
    <groups>
    </groups>
    <test started-at="2026-05-14T11:32:10 IST" name="Default test" finished-at="2026-05-14T11:32:25 IST" duration-ms="15293">
      <class name="Framework.amazontestcase.Addtocart">
        <test-method is-config="true" signature="launchApp()[pri:0, instance:Framework.amazontestcase.Addtocart@2d1ef81a]" started-at="2026-05-14T11:32:10 IST" name="launchApp" finished-at="2026-05-14T11:32:20 IST" duration-ms="9826" status="PASS">
          <reporter-output>
          </reporter-output>
        </test-method> <!-- launchApp -->
        <test-method signature="addCart(java.util.HashMap)[pri:0, instance:Framework.amazontestcase.Addtocart@2d1ef81a]" started-at="2026-05-14T11:32:20 IST" name="addCart" data-provider="getJsonData" finished-at="2026-05-14T11:32:21 IST" duration-ms="636" status="PASS">
          <params>
            <param index="0">
              <value>
                <![CDATA[{password=10011998Ad@, email=thavithu15@gmail.com, productName=ZARA COAT 3}]]>
              </value>
            </param>
          </params>
          <reporter-output>
          </reporter-output>
        </test-method> <!-- addCart -->
        <test-method is-config="true" signature="tearDown()[pri:0, instance:Framework.amazontestcase.Addtocart@2d1ef81a]" started-at="2026-05-14T11:32:21 IST" name="tearDown" finished-at="2026-05-14T11:32:21 IST" duration-ms="149" status="PASS">
          <reporter-output>
          </reporter-output>
        </test-method> <!-- tearDown -->
        <test-method is-config="true" signature="launchApp()[pri:0, instance:Framework.amazontestcase.Addtocart@2d1ef81a]" started-at="2026-05-14T11:32:21 IST" name="launchApp" finished-at="2026-05-14T11:32:24 IST" duration-ms="3635" status="PASS">
          <reporter-output>
          </reporter-output>
        </test-method> <!-- launchApp -->
        <test-method signature="addCart(java.util.HashMap)[pri:0, instance:Framework.amazontestcase.Addtocart@2d1ef81a]" started-at="2026-05-14T11:32:24 IST" name="addCart" data-provider="getJsonData" finished-at="2026-05-14T11:32:25 IST" duration-ms="495" status="PASS">
          <params>
            <param index="0">
              <value>
                <![CDATA[{password=10011998Ad@, email=thavithu15@gmail.com, productName=ADIDAS ORIGINAL}]]>
              </value>
            </param>
          </params>
          <reporter-output>
          </reporter-output>
        </test-method> <!-- addCart -->
        <test-method is-config="true" signature="tearDown()[pri:0, instance:Framework.amazontestcase.Addtocart@2d1ef81a]" started-at="2026-05-14T11:32:25 IST" name="tearDown" finished-at="2026-05-14T11:32:25 IST" duration-ms="148" status="PASS">
          <reporter-output>
          </reporter-output>
        </test-method> <!-- tearDown -->
      </class> <!-- Framework.amazontestcase.Addtocart -->
    </test> <!-- Default test -->
  </suite> <!-- Default suite -->
</testng-results>
