<?xml version="1.0" encoding="UTF-8"?>
<!-- Generated by org.testng.reporters.JUnitXMLReporter -->
<testsuite ignored="1" hostname="LAPTOP-6D8U9LA3" failures="0" tests="2" name="Test" time="0.045" errors="0" timestamp="2026-04-28T10:47:55 IST">
  <testcase classname="testng1.day1" name="demo" time="0.004"/>
  <testcase classname="testng1.day2" name="personalLoan" time="0.003"/>
  <testcase classname="testng1.day2" name="carLoan" time="0.0">
    <ignored/>
  </testcase> <!-- carLoan -->
</testsuite> <!-- Test -->
